Copyright 1986-2016 Xilinx, Inc. All Rights Reserved.
-------------------------------------------------------------------------------------------------------------------------------------------
| Tool Version     : Vivado v.2016.3 (lin64) Build 1682563 Mon Oct 10 19:07:26 MDT 2016
| Date             : Wed Apr 19 16:14:33 2017
| Host             : Aoide-ThinkPad-T410 running 64-bit Ubuntu 16.10
| Command          : report_power -file ALU_TOP_power_routed.rpt -pb ALU_TOP_power_summary_routed.pb -rpx ALU_TOP_power_routed.rpx
| Design           : ALU_TOP
| Device           : xc7a35tcpg236-1
| Design State     : routed
| Grade            : commercial
| Process          : typical
| Characterization : Production
-------------------------------------------------------------------------------------------------------------------------------------------

Power Report

Table of Contents
-----------------
1. Summary
1.1 On-Chip Components
1.2 Power Supply Summary
1.3 Confidence Level
2. Settings
2.1 Environment
2.2 Clock Constraints
3. Detailed Reports
3.1 By Hierarchy

1. Summary
----------

+--------------------------+-------+
| Total On-Chip Power (W)  | 4.462 |
| Dynamic (W)              | 4.375 |
| Device Static (W)        | 0.087 |
| Effective TJA (C/W)      | 5.0   |
| Max Ambient (C)          | 62.7  |
| Junction Temperature (C) | 47.3  |
| Confidence Level         | Low   |
| Setting File             | ---   |
| Simulation Activity File | ---   |
| Design Nets Matched      | NA    |
+--------------------------+-------+


1.1 On-Chip Components
----------------------

+----------------+-----------+----------+-----------+-----------------+
| On-Chip        | Power (W) | Used     | Available | Utilization (%) |
+----------------+-----------+----------+-----------+-----------------+
| Slice Logic    |     1.781 |      502 |       --- |             --- |
|   LUT as Logic |     1.679 |      221 |     20800 |            1.06 |
|   CARRY4       |     0.052 |       16 |      8150 |            0.20 |
|   Register     |     0.042 |      212 |     41600 |            0.51 |
|   BUFG         |     0.006 |        2 |        32 |            6.25 |
|   F7/F8 Muxes  |     0.002 |        2 |     32600 |           <0.01 |
|   Others       |     0.000 |       12 |       --- |             --- |
| Signals        |     2.380 |      449 |       --- |             --- |
| Block RAM      |     0.002 |      0.5 |        50 |            1.00 |
| I/O            |     0.212 |       45 |       106 |           42.45 |
| Static Power   |     0.087 |          |           |                 |
| Total          |     4.462 |          |           |                 |
+----------------+-----------+----------+-----------+-----------------+


1.2 Power Supply Summary
------------------------

+-----------+-------------+-----------+-------------+------------+
| Source    | Voltage (V) | Total (A) | Dynamic (A) | Static (A) |
+-----------+-------------+-----------+-------------+------------+
| Vccint    |       1.000 |     4.253 |       4.230 |      0.022 |
| Vccaux    |       1.800 |     0.019 |       0.005 |      0.014 |
| Vcco33    |       3.300 |     0.042 |       0.041 |      0.001 |
| Vcco25    |       2.500 |     0.000 |       0.000 |      0.000 |
| Vcco18    |       1.800 |     0.000 |       0.000 |      0.000 |
| Vcco15    |       1.500 |     0.000 |       0.000 |      0.000 |
| Vcco135   |       1.350 |     0.000 |       0.000 |      0.000 |
| Vcco12    |       1.200 |     0.000 |       0.000 |      0.000 |
| Vccaux_io |       1.800 |     0.000 |       0.000 |      0.000 |
| Vccbram   |       1.000 |     0.001 |       0.000 |      0.000 |
| MGTAVcc   |       1.000 |     0.000 |       0.000 |      0.000 |
| MGTAVtt   |       1.200 |     0.000 |       0.000 |      0.000 |
| Vccadc    |       1.800 |     0.020 |       0.000 |      0.020 |
+-----------+-------------+-----------+-------------+------------+


1.3 Confidence Level
--------------------

+-----------------------------+------------+--------------------------------------------------------+--------------------------------------------------------------------------------------------------------------------+
| User Input Data             | Confidence | Details                                                | Action                                                                                                             |
+-----------------------------+------------+--------------------------------------------------------+--------------------------------------------------------------------------------------------------------------------+
| Design implementation state | High       | Design is routed                                       |                                                                                                                    |
| Clock nodes activity        | Low        | User specified less than 75% of clocks                 | Provide missing clock activity with a constraint file, simulation results or by editing the "By Clock Domain" view |
| I/O nodes activity          | Low        | More than 75% of inputs are missing user specification | Provide missing input activity with simulation results or by editing the "By Resource Type -> I/Os" view           |
| Internal nodes activity     | Medium     | User specified less than 25% of internal nodes         | Provide missing internal nodes activity with simulation results or by editing the "By Resource Type" views         |
| Device models               | High       | Device models are Production                           |                                                                                                                    |
|                             |            |                                                        |                                                                                                                    |
| Overall confidence level    | Low        |                                                        |                                                                                                                    |
+-----------------------------+------------+--------------------------------------------------------+--------------------------------------------------------------------------------------------------------------------+


2. Settings
-----------

2.1 Environment
---------------

+-----------------------+--------------------------+
| Ambient Temp (C)      | 25.0                     |
| ThetaJA (C/W)         | 5.0                      |
| Airflow (LFM)         | 250                      |
| Heat Sink             | medium (Medium Profile)  |
| ThetaSA (C/W)         | 4.6                      |
| Board Selection       | medium (10"x10")         |
| # of Board Layers     | 12to15 (12 to 15 Layers) |
| Board Temperature (C) | 25.0                     |
+-----------------------+--------------------------+


2.2 Clock Constraints
---------------------

+-------+--------+-----------------+
| Clock | Domain | Constraint (ns) |
+-------+--------+-----------------+


3. Detailed Reports
-------------------

3.1 By Hierarchy
----------------

+--------------------------------------------------+-----------+
| Name                                             | Power (W) |
+--------------------------------------------------+-----------+
| ALU_TOP                                          |     4.375 |
|   C1                                             |     3.495 |
|     P1                                           |     0.160 |
|     U1                                           |     0.350 |
|     U2                                           |     2.215 |
|       U1                                         |     0.086 |
|         U0                                       |     0.086 |
|           inst_blk_mem_gen                       |     0.086 |
|             gnbram.gnativebmg.native_blk_mem_gen |     0.086 |
|               valid.cstr                         |     0.086 |
|                 ramloop[0].ram.r                 |     0.086 |
|                   prim_init.ram                  |     0.086 |
|   C2                                             |     0.400 |
|   M1                                             |     0.132 |
+--------------------------------------------------+-----------+


