Copyright 1986-2016 Xilinx, Inc. All Rights Reserved.
------------------------------------------------------------------------------------
| Tool Version : Vivado v.2016.3 (lin64) Build 1682563 Mon Oct 10 19:07:26 MDT 2016
| Date         : Mon Apr  3 20:45:28 2017
| Host         : Aoide-ThinkPad-T410 running 64-bit Ubuntu 16.10
| Command      : report_control_sets -verbose -file ALU_TOP_control_sets_placed.rpt
| Design       : ALU_TOP
| Device       : xc7a35t
------------------------------------------------------------------------------------

Control Set Information

Table of Contents
-----------------
1. Summary
2. Flip-Flop Distribution
3. Detailed Control Set Information

1. Summary
----------

+----------------------------------------------------------+-------+
|                          Status                          | Count |
+----------------------------------------------------------+-------+
| Number of unique control sets                            |    20 |
| Unused register locations in slices containing registers |    62 |
+----------------------------------------------------------+-------+


2. Flip-Flop Distribution
-------------------------

+--------------+-----------------------+------------------------+-----------------+--------------+
| Clock Enable | Synchronous Set/Reset | Asynchronous Set/Reset | Total Registers | Total Slices |
+--------------+-----------------------+------------------------+-----------------+--------------+
| No           | No                    | No                     |               4 |            3 |
| No           | No                    | Yes                    |               2 |            2 |
| No           | Yes                   | No                     |              67 |           21 |
| Yes          | No                    | No                     |               2 |            2 |
| Yes          | No                    | Yes                    |             103 |           31 |
| Yes          | Yes                   | No                     |               0 |            0 |
+--------------+-----------------------+------------------------+-----------------+--------------+


3. Detailed Control Set Information
-----------------------------------

+------------------+-------------------------+-------------------------+------------------+----------------+
|   Clock Signal   |      Enable Signal      |     Set/Reset Signal    | Slice Load Count | Bel Load Count |
+------------------+-------------------------+-------------------------+------------------+----------------+
|  C2/count_reg[0] | C1/last_Inport0_i_1_n_0 |                         |                1 |              1 |
|  C2/count_reg[0] | C1/last_Inport1_i_1_n_0 |                         |                1 |              1 |
|  C2/count_reg[0] |                         | M1/count[0]             |                1 |              1 |
|  clk1hz_BUFG     |                         | reset_IBUF              |                2 |              2 |
|  C2/count_reg[0] |                         | M1/plusOp[0]            |                1 |              2 |
|  C2/count_reg[0] |                         |                         |                3 |              4 |
|  C2/count_reg[0] |                         | C1/last_Inport0_i_1_n_0 |                1 |              4 |
|  C2/count_reg[0] |                         | C1/last_Inport1_i_1_n_0 |                1 |              4 |
|  C2/count_reg[0] |                         | M1/plusOp[1]            |                3 |              8 |
|  clk1hz_BUFG     | C1/Outport1[7]_i_1_n_0  | reset_IBUF              |                3 |              8 |
|  clk1hz_BUFG     | C1/Outport0[7]_i_1_n_0  | reset_IBUF              |                4 |              8 |
|  clk1hz_BUFG     | C1/MDR[7]_i_1_n_0       | reset_IBUF              |                2 |              8 |
|  clk1hz_BUFG     | C1/IR[7]_i_1_n_0        | reset_IBUF              |                4 |              8 |
|  clk1hz_BUFG     | C1/B[7]_i_1_n_0         | reset_IBUF              |                3 |              8 |
|  clk1hz_BUFG     | C1/A[7]_i_1_n_0         | reset_IBUF              |                2 |              8 |
|  clk1hz_BUFG     | C1/U2/E[0]              | reset_IBUF              |                2 |              9 |
|  clk1hz_BUFG     | C1/OutportA0            | reset_IBUF              |                3 |             14 |
|  clk_IBUF_BUFG   |                         | C2/clear                |                6 |             20 |
|  clk_IBUF_BUFG   |                         | C2/count1hz[0]_i_1_n_0  |                8 |             28 |
|  clk1hz_BUFG     | C1/U2/temp_reg[0]       | reset_IBUF              |                8 |             32 |
+------------------+-------------------------+-------------------------+------------------+----------------+


+--------+-----------------------+
| Fanout | Number of ControlSets |
+--------+-----------------------+
| 1      |                     3 |
| 2      |                     2 |
| 4      |                     3 |
| 8      |                     7 |
| 9      |                     1 |
| 14     |                     1 |
| 16+    |                     3 |
+--------+-----------------------+


